Executing action: flash
Running ninja in directory /Users/dev/robot/m5stack/alfredo-esp32/build
Executing "ninja flash"...
[1/5] cd /Users/dev/robot/m5stack/alfredo-esp32/build/esp-idf/esptool_py && /Users/dev/.espressif/python_env/idf5.5_py3.14_env/bin/python /Users/dev/.espressif/esp-idf-v5.5.2/components/partition_table/check_sizes.py --offset 0x8000 partition --type app /Users/dev/robot/m5stack/alfredo-esp32/build/partition_table/partition-table.bin /Users/dev/robot/m5stack/alfredo-esp32/build/alfredo.bin
alfredo.bin binary size 0x2ace40 bytes. Smallest app partition is 0x3f0000 bytes. 0x1431c0 bytes (32%) free.
[2/5] Performing build step for 'bootloader'
[1/1] cd /Users/dev/robot/m5stack/alfredo-esp32/build/bootloader/esp-idf/esptool_py && /Users/dev/.espressif/python_env/idf5.5_py3.14_env/bin/python /Users/dev/.espressif/esp-idf-v5.5.2/components/partition_table/check_sizes.py --offset 0x8000 bootloader 0x0 /Users/dev/robot/m5stack/alfredo-esp32/build/bootloader/bootloader.bin
Bootloader binary size 0x4050 bytes. 0x3fb0 bytes (50%) free.
[3/5] No install step for 'bootloader'
[4/5] Completed 'bootloader'
[4/5] cd /Users/dev/.espressif/esp-idf-v5.5.2/components/esptool_py && /opt/homebrew/bin/cmake -D IDF_PATH=/Users/dev/.espressif/esp-idf-v5.5.2 -D "SERIAL_TOOL=/Users/dev/.espressif/python_env/idf5.5_py3.14_env/bin/python;;/Users/dev/.espressif/esp-idf-v5.5.2/components/esptool_py/esptool/esptool.py;--chip;esp32s3" -D "SERIAL_TOOL_ARGS=--before=default_reset;--after=hard_reset;write_flash;@flash_args" -D WORKING_DIRECTORY=/Users/dev/robot/m5stack/alfredo-esp32/build -P /Users/dev/.espressif/esp-idf-v5.5.2/components/esptool_py/run_serial_tool.cmake
esptool.py --chip esp32s3 -p /dev/cu.usbmodem1101 -b 460800 --before=default_reset --after=hard_reset write_flash --flash_mode dio --flash_freq 80m --flash_size 16MB 0x0 bootloader/bootloader.bin 0x20000 alfredo.bin 0x8000 partition_table/partition-table.bin 0xd000 ota_data_initial.bin 0x800000 generated_assets.bin
esptool.py v4.12.dev1
Serial port /dev/cu.usbmodem1101
Connecting...
Chip is ESP32-S3 (QFN56) (revision v0.2)
Features: WiFi, BLE
Crystal is 40MHz
USB mode: USB-Serial/JTAG
MAC: 10:20:ba:26:f6:80
Uploading stub...
Running stub...
Stub running...
Changing baud rate to 460800
Changed.
Configuring flash size...
Flash will be erased from 0x00000000 to 0x00004fff...
Flash will be erased from 0x00020000 to 0x002ccfff...
Flash will be erased from 0x00008000 to 0x00008fff...
Flash will be erased from 0x0000d000 to 0x0000efff...
Flash will be erased from 0x00800000 to 0x00cdbfff...
SHA digest in image updated
Compressed 16464 bytes to 11431...
Writing at 0x00000000... (100 %)
Wrote 16464 bytes (11431 compressed) at 0x00000000 in 0.2 seconds (effective 693.1 kbit/s)...
Hash of data verified.
Compressed 2805312 bytes to 1618333...
Writing at 0x00020000... (1 %)
Writing at 0x0002c1d7... (2 %)
Writing at 0x0003a734... (3 %)
Writing at 0x00046688... (4 %)
Writing at 0x00052c3f... (5 %)
Writing at 0x0005c2ec... (6 %)
Writing at 0x00062797... (7 %)
Writing at 0x0006a293... (8 %)
Writing at 0x0006e4cb... (9 %)
Writing at 0x0007c585... (10 %)
Writing at 0x00086728... (11 %)
Writing at 0x00091f98... (12 %)
Writing at 0x00099371... (13 %)
Writing at 0x0009e45d... (14 %)
Writing at 0x000a4c0e... (15 %)
Writing at 0x000a9bd6... (16 %)
Writing at 0x000ae998... (17 %)
Writing at 0x000b3b01... (18 %)
Writing at 0x000ba45b... (19 %)
Writing at 0x000c333c... (20 %)
Writing at 0x000cd77d... (21 %)
Writing at 0x000e23c0... (22 %)
Writing at 0x000ec443... (23 %)
Writing at 0x000f217d... (24 %)
Writing at 0x000f7c4c... (25 %)
Writing at 0x000fd9e8... (26 %)
Writing at 0x00103f8b... (27 %)
Writing at 0x0010a63b... (28 %)
Writing at 0x001109a9... (29 %)
Writing at 0x001166c6... (30 %)
Writing at 0x0011c5fd... (31 %)
Writing at 0x00122500... (32 %)
Writing at 0x001282e7... (33 %)
Writing at 0x0012e6ab... (34 %)
Writing at 0x00134a5f... (35 %)
Writing at 0x00139f1a... (36 %)
Writing at 0x0013f5fe... (37 %)
Writing at 0x001458e8... (38 %)
Writing at 0x0014ce2f... (39 %)
Writing at 0x00152684... (40 %)
Writing at 0x0016e7c3... (41 %)
Writing at 0x0017915f... (42 %)
Writing at 0x0017e4da... (43 %)
Writing at 0x00183524... (44 %)
Writing at 0x0018854f... (45 %)
Writing at 0x0018d3c8... (46 %)
Writing at 0x00192440... (47 %)
Writing at 0x001978aa... (48 %)
Writing at 0x0019c84f... (49 %)
Writing at 0x001a18de... (50 %)
Writing at 0x001a7911... (51 %)
Writing at 0x001ad6db... (52 %)
Writing at 0x001b3136... (53 %)
Writing at 0x001b83ee... (54 %)
Writing at 0x001bd80d... (55 %)
Writing at 0x001c3229... (56 %)
Writing at 0x001c8735... (57 %)
Writing at 0x001cdb92... (58 %)
Writing at 0x001d3c89... (59 %)
Writing at 0x001d9f14... (60 %)
Writing at 0x001df572... (61 %)
Writing at 0x001e5963... (62 %)
Writing at 0x001eb710... (63 %)
Writing at 0x001f0af9... (64 %)
Writing at 0x001f5f40... (65 %)
Writing at 0x001fb297... (66 %)
Writing at 0x00200787... (67 %)
Writing at 0x002060ec... (68 %)
Writing at 0x0020b77c... (69 %)
Writing at 0x002109c0... (70 %)
Writing at 0x00216099... (71 %)
Writing at 0x0021b724... (72 %)
Writing at 0x00220a4d... (73 %)
Writing at 0x00225b81... (74 %)
Writing at 0x0022ad05... (75 %)
Writing at 0x002306b2... (76 %)
Writing at 0x00235ca6... (77 %)
Writing at 0x0023b263... (78 %)
Writing at 0x00240772... (79 %)
Writing at 0x002462de... (80 %)
Writing at 0x0024b97c... (81 %)
Writing at 0x00250989... (82 %)
Writing at 0x00255b8a... (83 %)
Writing at 0x0025d96e... (84 %)
Writing at 0x00265a7b... (85 %)
Writing at 0x0026d79b... (86 %)
Writing at 0x00274c9c... (87 %)
Writing at 0x0027a2bb... (88 %)
Writing at 0x0027feeb... (89 %)
Writing at 0x00285697... (90 %)
Writing at 0x0028b033... (91 %)
Writing at 0x00296fd1... (92 %)
Writing at 0x002a2d13... (93 %)
Writing at 0x002a8f69... (94 %)
Writing at 0x002af0c6... (95 %)
Writing at 0x002b4877... (96 %)
Writing at 0x002ba607... (97 %)
Writing at 0x002c1fc0... (98 %)
Writing at 0x002c8276... (100 %)
Wrote 2805312 bytes (1618333 compressed) at 0x00020000 in 15.4 seconds (effective 1455.7 kbit/s)...
Hash of data verified.
Compressed 3072 bytes to 142...
Writing at 0x00008000... (100 %)
Wrote 3072 bytes (142 compressed) at 0x00008000 in 0.0 seconds (effective 615.2 kbit/s)...
Hash of data verified.
Compressed 8192 bytes to 31...
Writing at 0x0000d000... (100 %)
Wrote 8192 bytes (31 compressed) at 0x0000d000 in 0.1 seconds (effective 1149.9 kbit/s)...
Hash of data verified.
Compressed 5095216 bytes to 3770107...
Writing at 0x00800000... (0 %)
Writing at 0x008113df... (0 %)
Writing at 0x0081a0ff... (1 %)
Writing at 0x008220ff... (1 %)
Writing at 0x00828a2b... (2 %)
Writing at 0x0082f41b... (2 %)
Writing at 0x00836b08... (3 %)
Writing at 0x0083d2e3... (3 %)
Writing at 0x00843e19... (3 %)
Writing at 0x0084a101... (4 %)
Writing at 0x00851121... (4 %)
Writing at 0x00857eae... (5 %)
Writing at 0x0085e5e0... (5 %)
Writing at 0x008648e4... (6 %)
Writing at 0x0086ada5... (6 %)
Writing at 0x008709ac... (6 %)
Writing at 0x00877864... (7 %)
Writing at 0x0087d83a... (7 %)
Writing at 0x00883d2d... (8 %)
Writing at 0x0088a02b... (8 %)
Writing at 0x0088fd81... (9 %)
Writing at 0x00895c77... (9 %)
Writing at 0x0089c390... (9 %)
Writing at 0x008a2946... (10 %)
Writing at 0x008a8ad3... (10 %)
Writing at 0x008aead4... (11 %)
Writing at 0x008b4455... (11 %)
Writing at 0x008ba8e0... (12 %)
Writing at 0x008c0f4b... (12 %)
Writing at 0x008c7782... (12 %)
Writing at 0x008cd830... (13 %)
Writing at 0x008d3ee4... (13 %)
Writing at 0x008da231... (14 %)
Writing at 0x008e0098... (14 %)
Writing at 0x008e6470... (15 %)
Writing at 0x008ec19c... (15 %)
Writing at 0x008f22f6... (16 %)
Writing at 0x008f8202... (16 %)
Writing at 0x008fdc5e... (16 %)
Writing at 0x00907834... (17 %)
Writing at 0x00911707... (17 %)
Writing at 0x0091f30c... (18 %)
Writing at 0x0092d431... (18 %)
Writing at 0x00933469... (19 %)
Writing at 0x00937f12... (19 %)
Writing at 0x0093cbbd... (19 %)
Writing at 0x00942159... (20 %)
Writing at 0x00947a51... (20 %)
Writing at 0x0094d2dd... (21 %)
Writing at 0x0095217d... (21 %)
Writing at 0x00956c43... (22 %)
Writing at 0x0095ba29... (22 %)
Writing at 0x00960971... (22 %)
Writing at 0x009651f9... (23 %)
Writing at 0x00969ced... (23 %)
Writing at 0x0096e6e4... (24 %)
Writing at 0x009732cd... (24 %)
Writing at 0x00977bfb... (25 %)
Writing at 0x0097c613... (25 %)
Writing at 0x0098110e... (25 %)
Writing at 0x00985c7b... (26 %)
Writing at 0x0098a579... (26 %)
Writing at 0x0098efdf... (27 %)
Writing at 0x00993c02... (27 %)
Writing at 0x009988f1... (28 %)
Writing at 0x0099d5e4... (28 %)
Writing at 0x009a2056... (29 %)
Writing at 0x009a6a42... (29 %)
Writing at 0x009ab4e3... (29 %)
Writing at 0x009affc1... (30 %)
Writing at 0x009b4bb8... (30 %)
Writing at 0x009b9834... (31 %)
Writing at 0x009be630... (31 %)
Writing at 0x009c3391... (32 %)
Writing at 0x009c80cf... (32 %)
Writing at 0x009cce9b... (32 %)
Writing at 0x009d1d09... (33 %)
Writing at 0x009d7353... (33 %)
Writing at 0x009dccb8... (34 %)
Writing at 0x009e23ba... (34 %)
Writing at 0x009e7d21... (35 %)
Writing at 0x009ed624... (35 %)
Writing at 0x009f306d... (35 %)
Writing at 0x009f89b9... (36 %)
Writing at 0x009fe38d... (36 %)
Writing at 0x00a03c70... (37 %)
Writing at 0x00a0891d... (37 %)
Writing at 0x00a0d6af... (38 %)
Writing at 0x00a1259a... (38 %)
Writing at 0x00a171b6... (38 %)
Writing at 0x00a1bafd... (39 %)
Writing at 0x00a204f0... (39 %)
Writing at 0x00a24f29... (40 %)
Writing at 0x00a29925... (40 %)
Writing at 0x00a2e2d5... (41 %)
Writing at 0x00a32d9c... (41 %)
Writing at 0x00a37856... (41 %)
Writing at 0x00a3d5e7... (42 %)
Writing at 0x00a43a81... (42 %)
Writing at 0x00a49a78... (43 %)
Writing at 0x00a4fbd0... (43 %)
Writing at 0x00a55d17... (44 %)
Writing at 0x00a5bdd0... (44 %)
Writing at 0x00a61dcf... (45 %)
Writing at 0x00a6710c... (45 %)
Writing at 0x00a6c311... (45 %)
Writing at 0x00a7174b... (46 %)
Writing at 0x00a76968... (46 %)
Writing at 0x00a7b5a5... (47 %)
Writing at 0x00a804de... (47 %)
Writing at 0x00a84f43... (48 %)
Writing at 0x00a899e3... (48 %)
Writing at 0x00a8e958... (48 %)
Writing at 0x00a938db... (49 %)
Writing at 0x00a98934... (49 %)
Writing at 0x00a9df63... (50 %)
Writing at 0x00aa3e9b... (50 %)
Writing at 0x00aa8a1d... (51 %)
Writing at 0x00aad639... (51 %)
Writing at 0x00ab2244... (51 %)
Writing at 0x00ab6dad... (52 %)
Writing at 0x00abb776... (52 %)
Writing at 0x00ac0220... (53 %)
Writing at 0x00ac4fb3... (53 %)
Writing at 0x00ac9e21... (54 %)
Writing at 0x00aceb7d... (54 %)
Writing at 0x00ad3a21... (54 %)
Writing at 0x00ad8958... (55 %)
Writing at 0x00add819... (55 %)
Writing at 0x00ae2781... (56 %)
Writing at 0x00ae7745... (56 %)
Writing at 0x00aec768... (57 %)
Writing at 0x00af1169... (57 %)
Writing at 0x00af5a41... (58 %)
Writing at 0x00afa955... (58 %)
Writing at 0x00affcd0... (58 %)
Writing at 0x00b051a8... (59 %)
Writing at 0x00b0a64d... (59 %)
Writing at 0x00b0f380... (60 %)
Writing at 0x00b142cb... (60 %)
Writing at 0x00b1932b... (61 %)
Writing at 0x00b1e987... (61 %)
Writing at 0x00b24039... (61 %)
Writing at 0x00b2949e... (62 %)
Writing at 0x00b2dc13... (62 %)
Writing at 0x00b32494... (63 %)
Writing at 0x00b36e1d... (63 %)
Writing at 0x00b3b7f9... (64 %)
Writing at 0x00b4076f... (64 %)
Writing at 0x00b45714... (64 %)
Writing at 0x00b4a79e... (65 %)
Writing at 0x00b4f4f1... (65 %)
Writing at 0x00b54406... (66 %)
Writing at 0x00b59392... (66 %)
Writing at 0x00b5e2ec... (67 %)
Writing at 0x00b62f39... (67 %)
Writing at 0x00b680f6... (67 %)
Writing at 0x00b6cd3c... (68 %)
Writing at 0x00b71c09... (68 %)
Writing at 0x00b76f3a... (69 %)
Writing at 0x00b7bdc5... (69 %)
Writing at 0x00b80c39... (70 %)
Writing at 0x00b85bb0... (70 %)
Writing at 0x00b8abb8... (70 %)
Writing at 0x00b8fac8... (71 %)
Writing at 0x00b9497b... (71 %)
Writing at 0x00b9983d... (72 %)
Writing at 0x00b9e823... (72 %)
Writing at 0x00ba38c3... (73 %)
Writing at 0x00ba8799... (73 %)
Writing at 0x00bacddb... (74 %)
Writing at 0x00bb19c5... (74 %)
Writing at 0x00bb6906... (74 %)
Writing at 0x00bbbaa2... (75 %)
Writing at 0x00bc0a32... (75 %)
Writing at 0x00bc5874... (76 %)
Writing at 0x00bca8bd... (76 %)
Writing at 0x00bcfc12... (77 %)
Writing at 0x00bd4f95... (77 %)
Writing at 0x00bda27c... (77 %)
Writing at 0x00bdf039... (78 %)
Writing at 0x00be3c41... (78 %)
Writing at 0x00be8b69... (79 %)
Writing at 0x00bedb20... (79 %)
Writing at 0x00bf2bdd... (80 %)
Writing at 0x00bf7a38... (80 %)
Writing at 0x00bfc570... (80 %)
Writing at 0x00c00fcb... (81 %)
Writing at 0x00c05be8... (81 %)
Writing at 0x00c0a7fe... (82 %)
Writing at 0x00c0f4ea... (82 %)
Writing at 0x00c14018... (83 %)
Writing at 0x00c18d89... (83 %)
Writing at 0x00c1dbb7... (83 %)
Writing at 0x00c229f9... (84 %)
Writing at 0x00c27529... (84 %)
Writing at 0x00c2bdbd... (85 %)
Writing at 0x00c307c0... (85 %)
Writing at 0x00c35ca8... (86 %)
Writing at 0x00c3ac12... (86 %)
Writing at 0x00c40300... (87 %)
Writing at 0x00c454f9... (87 %)
Writing at 0x00c4a42a... (87 %)
Writing at 0x00c4f075... (88 %)
Writing at 0x00c53a18... (88 %)
Writing at 0x00c583f0... (89 %)
Writing at 0x00c5cd4a... (89 %)
Writing at 0x00c618e1... (90 %)
Writing at 0x00c665e9... (90 %)
Writing at 0x00c6bfeb... (90 %)
Writing at 0x00c70901... (91 %)
Writing at 0x00c75257... (91 %)
Writing at 0x00c7a793... (92 %)
Writing at 0x00c7fd9b... (92 %)
Writing at 0x00c85281... (93 %)
Writing at 0x00c8a08a... (93 %)
Writing at 0x00c8e982... (93 %)
Writing at 0x00c93380... (94 %)
Writing at 0x00c97d94... (94 %)
Writing at 0x00c9c78e... (95 %)
Writing at 0x00ca13f8... (95 %)
Writing at 0x00ca5ef1... (96 %)
Writing at 0x00caae28... (96 %)
Writing at 0x00cafe5f... (96 %)
Writing at 0x00cb4f5b... (97 %)
Writing at 0x00cb9b23... (97 %)
Writing at 0x00cbe3c0... (98 %)
Writing at 0x00cc2da0... (98 %)
Writing at 0x00cc7804... (99 %)
Writing at 0x00cce720... (99 %)
Writing at 0x00cd8d53... (100 %)
Wrote 5095216 bytes (3770107 compressed) at 0x00800000 in 31.1 seconds (effective 1311.8 kbit/s)...
Hash of data verified.

Leaving...
Hard resetting via RTS pin...
Done
