Executing action: flash
Running ninja in directory /Users/dev/robot/m5stack/alfredo-esp32/build
Executing "ninja flash"...
[1/5] cd /Users/dev/robot/m5stack/alfredo-esp32/build/esp-idf/esptool_py && /Users/dev/.espressif/python_env/idf5.5_py3.14_env/bin/python /Users/dev/.espressif/esp-idf-v5.5.2/components/partition_table/check_sizes.py --offset 0x8000 partition --type app /Users/dev/robot/m5stack/alfredo-esp32/build/partition_table/partition-table.bin /Users/dev/robot/m5stack/alfredo-esp32/build/alfredo.bin
alfredo.bin binary size 0x2ace40 bytes. Smallest app partition is 0x3f0000 bytes. 0x1431c0 bytes (32%) free.
[2/5] Performing build step for 'bootloader'
[1/1] cd /Users/dev/robot/m5stack/alfredo-esp32/build/bootloader/esp-idf/esptool_py && /Users/dev/.espressif/python_env/idf5.5_py3.14_env/bin/python /Users/dev/.espressif/esp-idf-v5.5.2/components/partition_table/check_sizes.py --offset 0x8000 bootloader 0x0 /Users/dev/robot/m5stack/alfredo-esp32/build/bootloader/bootloader.bin
Bootloader binary size 0x4050 bytes. 0x3fb0 bytes (50%) free.
[3/5] No install step for 'bootloader'
[4/5] Completed 'bootloader'
[4/5] cd /Users/dev/.espressif/esp-idf-v5.5.2/components/esptool_py && /opt/homebrew/bin/cmake -D IDF_PATH=/Users/dev/.espressif/esp-idf-v5.5.2 -D "SERIAL_TOOL=/Users/dev/.espressif/python_env/idf5.5_py3.14_env/bin/python;;/Users/dev/.espressif/esp-idf-v5.5.2/components/esptool_py/esptool/esptool.py;--chip;esp32s3" -D "SERIAL_TOOL_ARGS=--before=default_reset;--after=hard_reset;write_flash;@flash_args" -D WORKING_DIRECTORY=/Users/dev/robot/m5stack/alfredo-esp32/build -P /Users/dev/.espressif/esp-idf-v5.5.2/components/esptool_py/run_serial_tool.cmake
esptool.py --chip esp32s3 -p /dev/cu.usbmodem1101 -b 460800 --before=default_reset --after=hard_reset write_flash --flash_mode dio --flash_freq 80m --flash_size 16MB 0x0 bootloader/bootloader.bin 0x20000 alfredo.bin 0x8000 partition_table/partition-table.bin 0xd000 ota_data_initial.bin 0x800000 generated_assets.bin
esptool.py v4.12.dev1
Serial port /dev/cu.usbmodem1101
Connecting...
Chip is ESP32-S3 (QFN56) (revision v0.2)
Features: WiFi, BLE
Crystal is 40MHz
USB mode: USB-Serial/JTAG
MAC: 10:20:ba:26:f6:80
Uploading stub...
Running stub...
Stub running...
Changing baud rate to 460800
Changed.
Configuring flash size...
Flash will be erased from 0x00000000 to 0x00004fff...
Flash will be erased from 0x00020000 to 0x002ccfff...
Flash will be erased from 0x00008000 to 0x00008fff...
Flash will be erased from 0x0000d000 to 0x0000efff...
Flash will be erased from 0x00800000 to 0x00cdbfff...
SHA digest in image updated
Compressed 16464 bytes to 11432...
Writing at 0x00000000... (100 %)
Wrote 16464 bytes (11432 compressed) at 0x00000000 in 0.2 seconds (effective 700.6 kbit/s)...
Hash of data verified.
Compressed 2805312 bytes to 1618277...
Writing at 0x00020000... (1 %)
Writing at 0x0002c1ed... (2 %)
Writing at 0x0003a742... (3 %)
Writing at 0x0004669d... (4 %)
Writing at 0x00052c4b... (5 %)
Writing at 0x0005c2f6... (6 %)
Writing at 0x000627a0... (7 %)
Writing at 0x0006a29a... (8 %)
Writing at 0x0006e4d0... (9 %)
Writing at 0x0007c575... (10 %)
Writing at 0x00086725... (11 %)
Writing at 0x00091f94... (12 %)
Writing at 0x00099381... (13 %)
Writing at 0x0009e46c... (14 %)
Writing at 0x000a4c16... (15 %)
Writing at 0x000a9bea... (16 %)
Writing at 0x000ae9ad... (17 %)
Writing at 0x000b3b19... (18 %)
Writing at 0x000ba477... (19 %)
Writing at 0x000c335c... (20 %)
Writing at 0x000cd7c1... (21 %)
Writing at 0x000e23c8... (22 %)
Writing at 0x000ec445... (23 %)
Writing at 0x000f21ac... (24 %)
Writing at 0x000f7c8b... (25 %)
Writing at 0x000fda44... (26 %)
Writing at 0x00103fe1... (27 %)
Writing at 0x0010a6ab... (28 %)
Writing at 0x00110a2a... (29 %)
Writing at 0x00116722... (30 %)
Writing at 0x0011c63e... (31 %)
Writing at 0x0012256f... (32 %)
Writing at 0x0012832e... (33 %)
Writing at 0x0012e6d6... (34 %)
Writing at 0x00134ac3... (35 %)
Writing at 0x00139f46... (36 %)
Writing at 0x0013f64f... (37 %)
Writing at 0x0014595f... (38 %)
Writing at 0x0014ce75... (39 %)
Writing at 0x001526bf... (40 %)
Writing at 0x0016e815... (41 %)
Writing at 0x0017919a... (42 %)
Writing at 0x0017e519... (43 %)
Writing at 0x00183550... (44 %)
Writing at 0x00188575... (45 %)
Writing at 0x0018d3ff... (46 %)
Writing at 0x00192482... (47 %)
Writing at 0x001978cf... (48 %)
Writing at 0x0019c884... (49 %)
Writing at 0x001a1904... (50 %)
Writing at 0x001a7951... (51 %)
Writing at 0x001ad709... (52 %)
Writing at 0x001b31a0... (53 %)
Writing at 0x001b8448... (54 %)
Writing at 0x001bd867... (55 %)
Writing at 0x001c327b... (56 %)
Writing at 0x001c8787... (57 %)
Writing at 0x001cdc00... (58 %)
Writing at 0x001d3d6c... (59 %)
Writing at 0x001d9f65... (60 %)
Writing at 0x001df5e0... (61 %)
Writing at 0x001e59b0... (62 %)
Writing at 0x001eb756... (63 %)
Writing at 0x001f0b78... (64 %)
Writing at 0x001f5f8f... (65 %)
Writing at 0x001fb2f5... (66 %)
Writing at 0x002007cd... (67 %)
Writing at 0x00206155... (68 %)
Writing at 0x0020b7cd... (69 %)
Writing at 0x00210a39... (70 %)
Writing at 0x002160fc... (71 %)
Writing at 0x0021b782... (72 %)
Writing at 0x00220aa2... (73 %)
Writing at 0x00225bd0... (74 %)
Writing at 0x0022ad91... (75 %)
Writing at 0x0023072d... (76 %)
Writing at 0x00235cfc... (77 %)
Writing at 0x0023b2c2... (78 %)
Writing at 0x002407c8... (79 %)
Writing at 0x00246365... (80 %)
Writing at 0x0024b9d9... (81 %)
Writing at 0x002509e1... (82 %)
Writing at 0x00255bf5... (83 %)
Writing at 0x0025d9bd... (84 %)
Writing at 0x00265b24... (85 %)
Writing at 0x0026d953... (86 %)
Writing at 0x00274d47... (87 %)
Writing at 0x0027a2ee... (88 %)
Writing at 0x0027ff4d... (89 %)
Writing at 0x002856e5... (90 %)
Writing at 0x0028b095... (91 %)
Writing at 0x0029700e... (92 %)
Writing at 0x002a2d78... (93 %)
Writing at 0x002a9009... (94 %)
Writing at 0x002af101... (95 %)
Writing at 0x002b488b... (96 %)
Writing at 0x002ba663... (97 %)
Writing at 0x002c2021... (98 %)
Writing at 0x002c82d9... (100 %)
Wrote 2805312 bytes (1618277 compressed) at 0x00020000 in 15.4 seconds (effective 1453.6 kbit/s)...
Hash of data verified.
Compressed 3072 bytes to 142...
Writing at 0x00008000... (100 %)
Wrote 3072 bytes (142 compressed) at 0x00008000 in 0.0 seconds (effective 584.7 kbit/s)...
Hash of data verified.
Compressed 8192 bytes to 31...
Writing at 0x0000d000... (100 %)
Wrote 8192 bytes (31 compressed) at 0x0000d000 in 0.1 seconds (effective 1218.2 kbit/s)...
Hash of data verified.
Compressed 5095216 bytes to 3770117...
Writing at 0x00800000... (0 %)
Writing at 0x008113de... (0 %)
Writing at 0x0081a0fb... (1 %)
Writing at 0x008220ff... (1 %)
Writing at 0x00828a2b... (2 %)
Writing at 0x0082f41b... (2 %)
Writing at 0x00836b0e... (3 %)
Writing at 0x0083d2e4... (3 %)
Writing at 0x00843e1b... (3 %)
Writing at 0x0084a101... (4 %)
Writing at 0x00851128... (4 %)
Writing at 0x00857eb0... (5 %)
Writing at 0x0085e5e6... (5 %)
Writing at 0x008648e9... (6 %)
Writing at 0x0086ada9... (6 %)
Writing at 0x008709ac... (6 %)
Writing at 0x00877866... (7 %)
Writing at 0x0087d83e... (7 %)
Writing at 0x00883d2e... (8 %)
Writing at 0x0088a02c... (8 %)
Writing at 0x0088fd82... (9 %)
Writing at 0x00895c75... (9 %)
Writing at 0x0089c391... (9 %)
Writing at 0x008a294a... (10 %)
Writing at 0x008a8ad4... (10 %)
Writing at 0x008aead5... (11 %)
Writing at 0x008b4456... (11 %)
Writing at 0x008ba8e2... (12 %)
Writing at 0x008c0f4c... (12 %)
Writing at 0x008c7785... (12 %)
Writing at 0x008cd830... (13 %)
Writing at 0x008d3ee5... (13 %)
Writing at 0x008da233... (14 %)
Writing at 0x008e0098... (14 %)
Writing at 0x008e6471... (15 %)
Writing at 0x008ec19c... (15 %)
Writing at 0x008f22f6... (16 %)
Writing at 0x008f8203... (16 %)
Writing at 0x008fdc5f... (16 %)
Writing at 0x00907835... (17 %)
Writing at 0x00911708... (17 %)
Writing at 0x0091f30c... (18 %)
Writing at 0x0092d431... (18 %)
Writing at 0x0093346a... (19 %)
Writing at 0x00937f13... (19 %)
Writing at 0x0093cbbd... (19 %)
Writing at 0x0094215a... (20 %)
Writing at 0x00947a51... (20 %)
Writing at 0x0094d2dd... (21 %)
Writing at 0x0095217d... (21 %)
Writing at 0x00956c43... (22 %)
Writing at 0x0095ba29... (22 %)
Writing at 0x00960972... (22 %)
Writing at 0x009651fa... (23 %)
Writing at 0x00969ced... (23 %)
Writing at 0x0096e6e5... (24 %)
Writing at 0x009732ce... (24 %)
Writing at 0x00977bfc... (25 %)
Writing at 0x0097c614... (25 %)
Writing at 0x0098110f... (25 %)
Writing at 0x00985c7c... (26 %)
Writing at 0x0098a57b... (26 %)
Writing at 0x0098efe0... (27 %)
Writing at 0x00993c04... (27 %)
Writing at 0x009988f3... (28 %)
Writing at 0x0099d5e5... (28 %)
Writing at 0x009a2054... (29 %)
Writing at 0x009a6a41... (29 %)
Writing at 0x009ab4e2... (29 %)
Writing at 0x009affc0... (30 %)
Writing at 0x009b4bb7... (30 %)
Writing at 0x009b9832... (31 %)
Writing at 0x009be62f... (31 %)
Writing at 0x009c3390... (32 %)
Writing at 0x009c80ce... (32 %)
Writing at 0x009cce9a... (32 %)
Writing at 0x009d1d08... (33 %)
Writing at 0x009d7353... (33 %)
Writing at 0x009dccb6... (34 %)
Writing at 0x009e23b6... (34 %)
Writing at 0x009e7d1f... (35 %)
Writing at 0x009ed622... (35 %)
Writing at 0x009f306d... (35 %)
Writing at 0x009f89b9... (36 %)
Writing at 0x009fe38b... (36 %)
Writing at 0x00a03c6f... (37 %)
Writing at 0x00a0891c... (37 %)
Writing at 0x00a0d6af... (38 %)
Writing at 0x00a12598... (38 %)
Writing at 0x00a171b4... (38 %)
Writing at 0x00a1bafb... (39 %)
Writing at 0x00a204ee... (39 %)
Writing at 0x00a24f28... (40 %)
Writing at 0x00a29923... (40 %)
Writing at 0x00a2e2d4... (41 %)
Writing at 0x00a32d9b... (41 %)
Writing at 0x00a37855... (41 %)
Writing at 0x00a3d5f7... (42 %)
Writing at 0x00a43a7e... (42 %)
Writing at 0x00a49a73... (43 %)
Writing at 0x00a4fbcd... (43 %)
Writing at 0x00a55d12... (44 %)
Writing at 0x00a5bdcb... (44 %)
Writing at 0x00a61dcb... (45 %)
Writing at 0x00a67108... (45 %)
Writing at 0x00a6c30e... (45 %)
Writing at 0x00a71747... (46 %)
Writing at 0x00a76967... (46 %)
Writing at 0x00a7b5a1... (47 %)
Writing at 0x00a804db... (47 %)
Writing at 0x00a84f40... (48 %)
Writing at 0x00a899e0... (48 %)
Writing at 0x00a8e954... (48 %)
Writing at 0x00a938d8... (49 %)
Writing at 0x00a98932... (49 %)
Writing at 0x00a9df61... (50 %)
Writing at 0x00aa3e99... (50 %)
Writing at 0x00aa8a1c... (51 %)
Writing at 0x00aad638... (51 %)
Writing at 0x00ab2242... (51 %)
Writing at 0x00ab6dab... (52 %)
Writing at 0x00abb774... (52 %)
Writing at 0x00ac021e... (53 %)
Writing at 0x00ac4fb1... (53 %)
Writing at 0x00ac9e1f... (54 %)
Writing at 0x00aceb7b... (54 %)
Writing at 0x00ad3a20... (54 %)
Writing at 0x00ad8957... (55 %)
Writing at 0x00add817... (55 %)
Writing at 0x00ae2780... (56 %)
Writing at 0x00ae7744... (56 %)
Writing at 0x00aec767... (57 %)
Writing at 0x00af1168... (57 %)
Writing at 0x00af5a3f... (58 %)
Writing at 0x00afa953... (58 %)
Writing at 0x00affccd... (58 %)
Writing at 0x00b051a5... (59 %)
Writing at 0x00b0a649... (59 %)
Writing at 0x00b0f37e... (60 %)
Writing at 0x00b142c9... (60 %)
Writing at 0x00b19328... (61 %)
Writing at 0x00b1e984... (61 %)
Writing at 0x00b24037... (61 %)
Writing at 0x00b2949c... (62 %)
Writing at 0x00b2dc10... (62 %)
Writing at 0x00b32492... (63 %)
Writing at 0x00b36e1b... (63 %)
Writing at 0x00b3b7f7... (64 %)
Writing at 0x00b4076c... (64 %)
Writing at 0x00b45711... (64 %)
Writing at 0x00b4a79a... (65 %)
Writing at 0x00b4f4ee... (65 %)
Writing at 0x00b54403... (66 %)
Writing at 0x00b5938e... (66 %)
Writing at 0x00b5e2e9... (67 %)
Writing at 0x00b62f37... (67 %)
Writing at 0x00b680f3... (67 %)
Writing at 0x00b6cd38... (68 %)
Writing at 0x00b71c06... (68 %)
Writing at 0x00b76f36... (69 %)
Writing at 0x00b7bdc1... (69 %)
Writing at 0x00b80c35... (70 %)
Writing at 0x00b85bad... (70 %)
Writing at 0x00b8abb6... (70 %)
Writing at 0x00b8fac5... (71 %)
Writing at 0x00b94978... (71 %)
Writing at 0x00b99839... (72 %)
Writing at 0x00b9e81f... (72 %)
Writing at 0x00ba38bf... (73 %)
Writing at 0x00ba8795... (73 %)
Writing at 0x00bacdd9... (74 %)
Writing at 0x00bb19c0... (74 %)
Writing at 0x00bb6903... (74 %)
Writing at 0x00bbba9f... (75 %)
Writing at 0x00bc0a2f... (75 %)
Writing at 0x00bc5871... (76 %)
Writing at 0x00bca8b1... (76 %)
Writing at 0x00bcfc06... (77 %)
Writing at 0x00bd4f88... (77 %)
Writing at 0x00bda270... (77 %)
Writing at 0x00bdf030... (78 %)
Writing at 0x00be3c37... (78 %)
Writing at 0x00be8b5e... (79 %)
Writing at 0x00bedb15... (79 %)
Writing at 0x00bf2bd2... (80 %)
Writing at 0x00bf7a30... (80 %)
Writing at 0x00bfc568... (80 %)
Writing at 0x00c00fc3... (81 %)
Writing at 0x00c05bdf... (81 %)
Writing at 0x00c0a7f6... (82 %)
Writing at 0x00c0f4df... (82 %)
Writing at 0x00c14010... (83 %)
Writing at 0x00c18d7f... (83 %)
Writing at 0x00c1dbb0... (83 %)
Writing at 0x00c229f2... (84 %)
Writing at 0x00c27523... (84 %)
Writing at 0x00c2bdb7... (85 %)
Writing at 0x00c307b9... (85 %)
Writing at 0x00c35ca0... (86 %)
Writing at 0x00c3ac0c... (86 %)
Writing at 0x00c402f8... (87 %)
Writing at 0x00c454ef... (87 %)
Writing at 0x00c4a421... (87 %)
Writing at 0x00c4f06d... (88 %)
Writing at 0x00c53a0f... (88 %)
Writing at 0x00c583e7... (89 %)
Writing at 0x00c5cd41... (89 %)
Writing at 0x00c618d8... (90 %)
Writing at 0x00c665e0... (90 %)
Writing at 0x00c6bfe3... (90 %)
Writing at 0x00c708f9... (91 %)
Writing at 0x00c7524f... (91 %)
Writing at 0x00c7a789... (92 %)
Writing at 0x00c7fd8e... (92 %)
Writing at 0x00c85277... (93 %)
Writing at 0x00c8a080... (93 %)
Writing at 0x00c8e97a... (93 %)
Writing at 0x00c93377... (94 %)
Writing at 0x00c97d8c... (94 %)
Writing at 0x00c9c784... (95 %)
Writing at 0x00ca13ee... (95 %)
Writing at 0x00ca5ee7... (96 %)
Writing at 0x00caae1f... (96 %)
Writing at 0x00cafe54... (96 %)
Writing at 0x00cb4f51... (97 %)
Writing at 0x00cb9b1a... (97 %)
Writing at 0x00cbe3b3... (98 %)
Writing at 0x00cc2d94... (98 %)
Writing at 0x00cc77f8... (99 %)
Writing at 0x00cce716... (99 %)
Writing at 0x00cd8d49... (100 %)
Wrote 5095216 bytes (3770117 compressed) at 0x00800000 in 31.1 seconds (effective 1312.2 kbit/s)...
Hash of data verified.

Leaving...
Hard resetting via RTS pin...
Done
