W (39685) Display: System time is not set, tm_year: 70
W (40685) Display: System time is not set, tm_year: 70
W (41685) Display: System time is not set, tm_year: 70
W (42685) Display: System time is not set, tm_year: 70
W (43685) Display: System time is not set, tm_year: 70
W (44685) Display: System time is not set, tm_year: 70
W (45685) Display: System time is not set, tm_year: 70
W (46685) Display: System time is not set, tm_year: 70
I (46685) SystemInfo: free sram: 93975 minimal sram: 85539
W (47685) Display: System time is not set, tm_year: 70
W (48685) Display: System time is not set, tm_year: 70
W (49685) Display: System time is not set, tm_year: 70
W (50685) Display: System time is not set, tm_year: 70
W (51685) Display: System time is not set, tm_year: 70
W (52685) Display: System time is not set, tm_year: 70
W (53685) Display: System time is not set, tm_year: 70
W (54685) Display: System time is not set, tm_year: 70
W (55685) Display: System time is not set, tm_year: 70
W (56685) Display: System time is not set, tm_year: 70
I (56685) SystemInfo: free sram: 93075 minimal sram: 85539
W (57685) Display: System time is not set, tm_year: 70
I (58155) CustomWakeWord: AFE speech started: vad=1 volume=0.0
W (58685) Display: System time is not set, tm_year: 70
W (59685) Display: System time is not set, tm_year: 70
W (60685) Display: System time is not set, tm_year: 70
I (61165) CustomWakeWord: AFE speech ended: frames=42 peak_volume=0.0
W (61685) Display: System time is not set, tm_year: 70
W (62685) Display: System time is not set, tm_year: 70
W (63685) Display: System time is not set, tm_year: 70
W (64685) Display: System time is not set, tm_year: 70
W (65685) Display: System time is not set, tm_year: 70
W (66685) Display: System time is not set, tm_year: 70
I (66685) SystemInfo: free sram: 93075 minimal sram: 85539
W (67685) Display: System time is not set, tm_year: 70
W (68685) Display: System time is not set, tm_year: 70
I (69145) CustomWakeWord: AFE speech started: vad=1 volume=0.0
I (69155) PowerSaveTimer: Enabling power save mode
I (69255) Backlight: Set brightness to 10
W (69685) Display: System time is not set, tm_year: 70
W (70685) Display: System time is not set, tm_year: 70
W (71685) Display: System time is not set, tm_year: 70
I (71685) CustomWakeWord: AFE speech ended: frames=31 peak_volume=0.0
W (72685) Display: System time is not set, tm_year: 70
W (73685) Display: System time is not set, tm_year: 70
W (74685) Display: System time is not set, tm_year: 70
W (75685) Display: System time is not set, tm_year: 70
W (76685) Display: System time is not set, tm_year: 70
I (76685) SystemInfo: free sram: 91911 minimal sram: 85539
W (77685) Display: System time is not set, tm_year: 70
W (78685) Display: System time is not set, tm_year: 70
W (79685) Display: System time is not set, tm_year: 70
W (80685) Display: System time is not set, tm_year: 70
W (81685) Display: System time is not set, tm_year: 70
W (82685) Display: System time is not set, tm_year: 70
W (83685) Display: System time is not set, tm_year: 70
W (84685) Display: System time is not set, tm_year: 70
W (85685) Display: System time is not set, tm_year: 70
W (86685) Display: System time is not set, tm_year: 70
I (86685) SystemInfo: free sram: 93839 minimal sram: 85539
W (87685) Display: System time is not set, tm_year: 70
W (88685) Display: System time is not set, tm_year: 70
W (89685) Display: System time is not set, tm_year: 70
W (90685) Display: System time is not set, tm_year: 70
W (91685) Display: System time is not set, tm_year: 70
W (92685) Display: System time is not set, tm_year: 70
W (93685) Display: System time is not set, tm_year: 70
W (94685) Display: System time is not set, tm_year: 70
W (95685) Display: System time is not set, tm_year: 70
W (96685) Display: System time is not set, tm_year: 70
I (96685) SystemInfo: free sram: 93803 minimal sram: 85539
W (97685) Display: System time is not set, tm_year: 70
I (98265) CustomWakeWord: AFE speech started: vad=1 volume=0.0
W (98685) Display: System time is not set, tm_year: 70
W (99685) Display: System time is not set, tm_year: 70
W (100685) Display: System time is not set, tm_year: 70
W (101685) Display: System time is not set, tm_year: 70
W (102685) Display: System time is not set, tm_year: 70
W (103685) Display: System time is not set, tm_year: 70
I (103795) CustomWakeWord: AFE speech ended: frames=71 peak_volume=0.0
W (104685) Display: System time is not set, tm_year: 70
W (105685) Display: System time is not set, tm_year: 70
W (106685) Display: System time is not set, tm_year: 70
I (106685) SystemInfo: free sram: 93839 minimal sram: 85539
W (107685) Display: System time is not set, tm_year: 70
W (108685) Display: System time is not set, tm_year: 70
W (109685) Display: System time is not set, tm_year: 70
W (110685) Display: System time is not set, tm_year: 70
W (111685) Display: System time is not set, tm_year: 70
W (112685) Display: System time is not set, tm_year: 70
W (113685) Display: System time is not set, tm_year: 70
W (114685) Display: System time is not set, tm_year: 70
W (115685) Display: System time is not set, tm_year: 70
I (116155) CustomWakeWord: AFE speech started: vad=1 volume=0.0
W (116685) Display: System time is not set, tm_year: 70
I (116685) SystemInfo: free sram: 92811 minimal sram: 85539
W (117685) Display: System time is not set, tm_year: 70
W (118685) Display: System time is not set, tm_year: 70
W (119685) Display: System time is not set, tm_year: 70
W (120685) Display: System time is not set, tm_year: 70
W (121685) Display: System time is not set, tm_year: 70
W (122685) Display: System time is not set, tm_year: 70
W (123685) Display: System time is not set, tm_year: 70
W (124685) Display: System time is not set, tm_year: 70
W (125685) Display: System time is not set, tm_year: 70
W (126685) Display: System time is not set, tm_year: 70
I (126685) SystemInfo: free sram: 91807 minimal sram: 85539
W (127685) Display: System time is not set, tm_year: 70
W (128685) Display: System time is not set, tm_year: 70
W (129685) Display: System time is not set, tm_year: 70
W (130685) Display: System time is not set, tm_year: 70
W (131685) Display: System time is not set, tm_year: 70
W (132685) Display: System time is not set, tm_year: 70
I (133445) PowerSaveTimer: Exiting power save mode
I (133455) Backlight: Set brightness to 75
I (133455) StateMachine: State: idle -> connecting
I (133455) WS: Using boot default websocket config
I (133455) WS: Connecting to websocket server: ws://10.0.0.175:18910/ws with version: 1
I (134045) WS: Session ID: a44935e1732ea3ce01c1c753
I (134055) WifiStation: Setting WiFi power save level: PERFORMANCE (NONE)
I (134055) wifi:Set ps type: 0, coexist: 0

I (134055) StateMachine: State: connecting -> listening
I (134085) AudioService: Disabling wake word detection (initialized=1, input_enabled=1, wake_running=1, processor_running=1)
E (134485) EspTcp: TCP receive failed: -1
I (134485) WS: Websocket disconnected
I (134485) WifiStation: Setting WiFi power save level: LOW_POWER (MAX_MODEM)
I (134495) wifi:Set ps type: 2, coexist: 0

I (134495) StateMachine: State: listening -> idle
I (134575) AudioService: Enabling wake word detection (initialized=1, input_enabled=1, wake_running=0, processor_running=0)
I (134645) CustomWakeWord: AFE speech started: vad=1 volume=0.0
I (143685) SystemInfo: free sram: 94219 minimal sram: 80987
W (144685) Display: System time is not set, tm_year: 70
W (145685) Display: System time is not set, tm_year: 70
W (146685) Display: System time is not set, tm_year: 70
W (147685) Display: System time is not set, tm_year: 70
W (148685) Display: System time is not set, tm_year: 70
W (149685) Display: System time is not set, tm_year: 70
W (150685) Display: System time is not set, tm_year: 70
W (151685) Display: System time is not set, tm_year: 70
I (152295) CustomWakeWord: AFE speech ended: frames=222 peak_volume=0.0
W (152685) Display: System time is not set, tm_year: 70
W (153685) Display: System time is not set, tm_year: 70
I (153685) SystemInfo: free sram: 93191 minimal sram: 80987
W (154685) Display: System time is not set, tm_year: 70
W (155685) Display: System time is not set, tm_year: 70
W (156685) Display: System time is not set, tm_year: 70
W (157685) Display: System time is not set, tm_year: 70
W (158685) Display: System time is not set, tm_year: 70
W (159685) Display: System time is not set, tm_year: 70
W (160685) Display: System time is not set, tm_year: 70
W (161685) Display: System time is not set, tm_year: 70
W (162685) Display: System time is not set, tm_year: 70
I (163125) CustomWakeWord: AFE speech started: vad=1 volume=0.0
W (163685) Display: System time is not set, tm_year: 70
I (163685) SystemInfo: free sram: 93319 minimal sram: 80987
W (164685) Display: System time is not set, tm_year: 70
W (165685) Display: System time is not set, tm_year: 70
W (166685) Display: System time is not set, tm_year: 70
W (167685) Display: System time is not set, tm_year: 70
W (168685) Display: System time is not set, tm_year: 70
W (169685) Display: System time is not set, tm_year: 70
W (170685) Display: System time is not set, tm_year: 70
W (171685) Display: System time is not set, tm_year: 70
I (172155) CustomWakeWord: AFE speech ended: frames=113 peak_volume=0.0
W (172685) Display: System time is not set, tm_year: 70
W (173685) Display: System time is not set, tm_year: 70
I (173685) SystemInfo: free sram: 93831 minimal sram: 80987
W (174685) Display: System time is not set, tm_year: 70
W (175685) Display: System time is not set, tm_year: 70
W (176685) Display: System time is not set, tm_year: 70
W (177685) Display: System time is not set, tm_year: 70
W (178685) Display: System time is not set, tm_year: 70
W (179685) Display: System time is not set, tm_year: 70
W (180685) Display: System time is not set, tm_year: 70
W (181685) Display: System time is not set, tm_year: 70
W (182685) Display: System time is not set, tm_year: 70
W (183685) Display: System time is not set, tm_year: 70
I (183685) SystemInfo: free sram: 93703 minimal sram: 80987
W (184685) Display: System time is not set, tm_year: 70
W (185685) Display: System time is not set, tm_year: 70
W (186685) Display: System time is not set, tm_year: 70
W (187685) Display: System time is not set, tm_year: 70
W (188685) Display: System time is not set, tm_year: 70
W (189685) Display: System time is not set, tm_year: 70
W (190685) Display: System time is not set, tm_year: 70
I (190855) CustomWakeWord: AFE speech started: vad=1 volume=0.0
W (191685) Display: System time is not set, tm_year: 70
W (192685) Display: System time is not set, tm_year: 70
I (193565) CustomWakeWord: AFE speech ended: frames=31 peak_volume=0.0
W (193685) Display: System time is not set, tm_year: 70
I (193685) SystemInfo: free sram: 93703 minimal sram: 80987
I (194155) PowerSaveTimer: Enabling power save mode
I (194265) Backlight: Set brightness to 10
W (194685) Display: System time is not set, tm_year: 70
W (195685) Display: System time is not set, tm_year: 70
W (196685) Display: System time is not set, tm_year: 70
W (197685) Display: System time is not set, tm_year: 70
W (198685) Display: System time is not set, tm_year: 70
W (199685) Display: System time is not set, tm_year: 70
W (200685) Display: System time is not set, tm_year: 70
W (201685) Display: System time is not set, tm_year: 70
W (202685) Display: System time is not set, tm_year: 70
I (202785) CustomWakeWord: AFE speech started: vad=1 volume=0.0
W (203685) Display: System time is not set, tm_year: 70
I (203685) SystemInfo: free sram: 93831 minimal sram: 80987
W (204685) Display: System time is not set, tm_year: 70
I (205305) CustomWakeWord: AFE speech ended: frames=36 peak_volume=0.0
W (205685) Display: System time is not set, tm_year: 70
W (206685) Display: System time is not set, tm_year: 70
W (207685) Display: System time is not set, tm_year: 70
W (208685) Display: System time is not set, tm_year: 70
W (209685) Display: System time is not set, tm_year: 70
I (210395) CustomWakeWord: AFE speech started: vad=1 volume=0.0
W (210685) Display: System time is not set, tm_year: 70
W (211685) Display: System time is not set, tm_year: 70
W (212685) Display: System time is not set, tm_year: 70
W (213685) Display: System time is not set, tm_year: 70
I (213685) SystemInfo: free sram: 93831 minimal sram: 80987
W (214685) Display: System time is not set, tm_year: 70
I (215115) CustomWakeWord: AFE speech ended: frames=63 peak_volume=0.0
W (215685) Display: System time is not set, tm_year: 70
W (216685) Display: System time is not set, tm_year: 70
W (217685) Display: System time is not set, tm_year: 70
W (218685) Display: System time is not set, tm_year: 70
